******************************************************************************** 
PACKAGE-LOG: 07:43:43 
NOTICE: Do not post to public sites or forums 
******************************************************************************** 
duplicator: 0.4.6 
wordpress: 3.8 
php: 5.5.3 
php sapi: apache2handler 
server: Apache 
browser: Mozilla/5.0 (Macintosh; Intel Mac OS X 10_9_0) AppleWebKit/537.36 (KHTML, like Gecko) Chrome/31.0.1650.63 Safari/537.36 
package name: 20131217_saratoga 
php_max_time: set from=30 to=5000 
php_max_memory: set from=40M to=5000M 
mysql wait_timeout:5000 
recorded table id: 1 
******************************************************************************** 
BUILD SQL SCRIPT: 
******************************************************************************** 
wp_commentmeta (0) 
wp_comments (1) 
wp_duplicator (1) 
wp_links (0) 
wp_options (163) 
wp_postmeta (23) 
wp_posts (28) 
wp_ps_group_relationships (0) 
wp_ps_groups (1) 
wp_ps_security (1) 
wp_term_relationships (2) 
wp_term_taxonomy (1) 
wp_termmeta (0) 
wp_terms (1) 
wp_usermeta (40) 
wp_users (3) 
SQL CREATED: /Users/imfahd/Sites/saratoganew/wp-snapshots/52b000af2fc562244_20131217_saratoga_database.sql 
SQL FILE SIZE: 487.08KB 
SQL RUNTIME: 0.0737 sec. 
******************************************************************************** 
BUILD ZIP PACKAGE: 
******************************************************************************** 
PACKAGE DIR:  /Users/imfahd/Sites/saratoganew 
PACKAGE FILE: /Users/imfahd/Sites/saratoganew/wp-snapshots/52b000af2fc562244_20131217_saratoga_package.zip 
FILTER EXTENSIONS:  '' 
FILTER DIRECTORIES: '' 
---------------------------------------- 
STARTING PACKAGE BUILD 
ADDED=>SQL: /Users/imfahd/Sites/saratoganew/wp-snapshots/52b000af2fc562244_20131217_saratoga_database.sql 
BUILDING FILE LIST 
FILE LIST COMPLETE: 0.9513 sec. 
FILE LIST STATS: Dirs 528 | Files 4474 | Links 0 |  

PACKAGE INFO: ZipArchive Object
(
    [status] => 0
    [statusSys] => 0
    [numFiles] => 5003
    [filename] => /Users/imfahd/Sites/saratoganew/wp-snapshots/52b000af2fc562244_20131217_saratoga_package.zip
    [comment] => 
)
 
CREATING PACKAGE 
CLOSING PACKAGE RESULT: '1' 
PACKAGE FILE SIZE: 44.41MB 
PACKAGE RUNTIME: 8.7939 sec. 
******************************************************************************** 
BUILD INSTALLER FILE: 
******************************************************************************** 
INSTALLER FILE: Build Start 
INSTALLER FILE: Build Finished 
INSTALLER FILE: Preping for use 
INSTALLER FILE: Complete [/Users/imfahd/Sites/saratoganew/wp-snapshots/52b000af2fc562244_20131217_saratoga_installer.php] 
******************************************************************************** 
FILE SIZE: Zip:44.41MB | SQL:487.08KB | Installer:527.02KB 
TOTAL PROCESS RUNTIME: 8.9304 sec. 
DONE PROCESSING => 20131217_saratoga 07:43:52 
******************************************************************************** 
